<?xml version="1.0" encoding="UTF-8"?>
<!-- Generated by org.testng.reporters.JUnitReportReporter -->
<testsuite hostname="MBP-RAM.local" failures="0" tests="1" name="test_selenium.first" time="71.918" errors="0" timestamp="2023-05-31T22:33:43 AST" skipped="0">
  <testcase classname="test_selenium.first" name="EdgeTest" time="71.918"/>
  <system-out/>
</testsuite> <!-- test_selenium.first -->
